build/outputs/logs/manifest-merger-debug-report.txt
-- Merging decision tree log ---
manifest
ADDED from 0\complaint\AndroidManifest.xml:2:1-58:12
	package
		ADDED from 0\complaint\AndroidManifest.xml:3:5-36
	android:versionName
		ADDED from 0\complaint\AndroidManifest.xml:5:5-30
	android:versionCode
		ADDED from 0\complaint\AndroidManifest.xml:4:5-28
		INJECTED from 0\complaint\AndroidManifest.xml
		INJECTED from 0\complaint\AndroidManifest.xml
	xmlns:android
		ADDED from 0\complaint\AndroidManifest.xml:2:11-69
uses-sdk
ADDED from 0\complaint\AndroidManifest.xml:7:5-9:41
	android:targetSdkVersion
		ADDED from 0\complaint\AndroidManifest.xml:9:9-38
	android:minSdkVersion
		ADDED from 0\complaint\AndroidManifest.xml:8:9-35
uses-permission#android.permission.CAMERA
ADDED from 0\complaint\AndroidManifest.xml:11:5-65
	android:name
		ADDED from 0\complaint\AndroidManifest.xml:11:22-62
uses-feature#android.hardware.camera
ADDED from 0\complaint\AndroidManifest.xml:13:5-15:35
	android:required
		ADDED from 0\complaint\AndroidManifest.xml:15:9-32
	android:name
		ADDED from 0\complaint\AndroidManifest.xml:14:9-47
uses-permission#android.permission.WRITE_EXTERNAL_STORAGE
ADDED from 0\complaint\AndroidManifest.xml:17:5-81
	android:name
		ADDED from 0\complaint\AndroidManifest.xml:17:22-78
android:uses-permission#android.permission.READ_PHONE_STATE
ADDED from 0\complaint\AndroidManifest.xml:19:5-83
	android:name
		ADDED from 0\complaint\AndroidManifest.xml:19:30-80
android:uses-permission#android.permission.READ_EXTERNAL_STORAGE
ADDED from 0\complaint\AndroidManifest.xml:20:5-88
	android:name
		ADDED from 0\complaint\AndroidManifest.xml:20:30-85
application
ADDED from 0\complaint\AndroidManifest.xml:22:5-56:19
	android:label
		ADDED from 0\complaint\AndroidManifest.xml:25:9-41
	android:allowBackup
		ADDED from 0\complaint\AndroidManifest.xml:23:9-35
	android:icon
		ADDED from 0\complaint\AndroidManifest.xml:24:9-45
	android:theme
		ADDED from 0\complaint\AndroidManifest.xml:26:9-40
activity#com.example.complaint.Newcomp
ADDED from 0\complaint\AndroidManifest.xml:27:9-30:20
	android:label
		ADDED from 0\complaint\AndroidManifest.xml:29:13-59
	android:name
		ADDED from 0\complaint\AndroidManifest.xml:28:13-36
activity#com.example.complaint.Newcomplaint
ADDED from 0\complaint\AndroidManifest.xml:31:9-34:20
	android:label
		ADDED from 0\complaint\AndroidManifest.xml:33:13-64
	android:name
		ADDED from 0\complaint\AndroidManifest.xml:32:13-41
activity#com.example.complaint.Selectimage
ADDED from 0\complaint\AndroidManifest.xml:35:9-43:20
	android:label
		ADDED from 0\complaint\AndroidManifest.xml:37:13-63
	android:name
		ADDED from 0\complaint\AndroidManifest.xml:36:13-40
intent-filter#android.intent.action.MAIN+android.intent.category.LAUNCHER
ADDED from 0\complaint\AndroidManifest.xml:38:13-42:29
action#android.intent.action.MAIN
ADDED from 0\complaint\AndroidManifest.xml:39:17-69
	android:name
		ADDED from 0\complaint\AndroidManifest.xml:39:25-66
category#android.intent.category.LAUNCHER
ADDED from 0\complaint\AndroidManifest.xml:41:17-77
	android:name
		ADDED from 0\complaint\AndroidManifest.xml:41:27-74
activity#com.example.complaint.Finish
ADDED from 0\complaint\AndroidManifest.xml:44:9-47:20
	android:label
		ADDED from 0\complaint\AndroidManifest.xml:46:13-29
	android:name
		ADDED from 0\complaint\AndroidManifest.xml:45:13-35
activity#com.example.complaint.MainActivity
ADDED from 0\complaint\AndroidManifest.xml:48:9-51:20
	android:label
		ADDED from 0\complaint\AndroidManifest.xml:50:13-56
	android:name
		ADDED from 0\complaint\AndroidManifest.xml:49:13-41
activity#com.example.complaint.Newcomplaint2
ADDED from 0\complaint\AndroidManifest.xml:52:9-55:20
	android:label
		ADDED from 0\complaint\AndroidManifest.xml:54:13-65
	android:name
		ADDED from 0\complaint\AndroidManifest.xml:53:13-42